<?xml version="1.0" encoding="UTF-8"?>
<!-- Generated by org.testng.reporters.JUnitXMLReporter -->
<testsuite ignored="0" hostname="DESKTOP-5HCESHD" failures="0" tests="9" name="Surefire test" time="160.203" errors="0" timestamp="2023-02-17T16:48:46 IST">
  <testcase classname="com.amazon.TestNgTest" name="browserLaunh" time="65.483"/>
  <testcase classname="com.amazon.TestNgTest" name="dropDown" time="10.093"/>
  <testcase classname="com.amazon.TestNgTest" name="search" time="19.378"/>
  <testcase classname="com.amazon.TestNgTest" name="minimumPrice" time="39.176"/>
  <testcase classname="com.amazon.TestNgTest" name="addCart" time="13.635"/>
  <testcase classname="com.amazon.TestNgTest" name="goCart" time="4.927"/>
  <testcase classname="com.amazon.TestNgTest" name="quantityIncreas" time="3.655"/>
  <testcase classname="com.amazon.TestNgTest" name="delete" time="3.375"/>
  <testcase classname="com.amazon.TestNgTest" name="browserclose" time="0.229"/>
</testsuite> <!-- Surefire test -->
